PRT1
146
360
4 0 3 (2672 0 128 ) (2672 0 1152 ) (2048 0 1152 ) (2048 0 128 ) 
4 0 1 (2048 0 128 ) (2048 0 1152 ) (2048 1024 1152 ) (2048 1024 128 ) 
4 1 5 (2048 0 128 ) (2048 0 1152 ) (1024 0 1152 ) (1024 0 128 ) 
4 1 2 (1024 0 128 ) (1024 0 1152 ) (1024 1024 1152 ) (1024 1024 128 ) 
4 2 121 (0 0 128 ) (0 0 1152 ) (0 1024 1152 ) (0 1024 128 ) 
4 2 99 (0 0 256 ) (0 0 128 ) (208 0 128 ) (208 0 256 ) 
4 2 97 (208 0 128 ) (224 0 128 ) (224 0 256 ) (208 0 256 ) 
4 2 95 (208 0 272 ) (0 0 272 ) (0 0 256 ) (208 0 256 ) 
4 2 94 (224 0 272 ) (208 0 272 ) (208 0 256 ) (224 0 256 ) 
4 2 80 (368 0 272 ) (224 0 272 ) (224 0 128 ) (368 0 128 ) 
4 2 73 (1008 0 272 ) (368 0 272 ) (368 0 128 ) (1008 0 128 ) 
4 2 72 (1024 0 128 ) (1024 0 272 ) (1008 0 272 ) (1008 0 128 ) 
4 2 17 (1024 0 272 ) (1024 0 560 ) (0 0 560 ) (0 0 272 ) 
4 2 11 (1024 0 560 ) (1024 0 688 ) (240 0 688 ) (240 0 560 ) 
4 2 16 (240 0 688 ) (0 0 688 ) (0 0 560 ) (240 0 560 ) 
4 2 8 (376 0 692 ) (232 0 692 ) (232 0 688 ) (376 0 688 ) 
4 2 7 (1024 0 688 ) (1024 0 692 ) (376 0 692 ) (376 0 688 ) 
4 2 10 (232 0 692 ) (0 0 692 ) (0 0 688 ) (232 0 688 ) 
4 2 6 (1024 0 692 ) (1024 0 1152 ) (0 0 1152 ) (0 0 692 ) 
4 3 5 (2048 -1024 128 ) (2048 -1024 1152 ) (2048 0 1152 ) (2048 0 128 ) 
4 3 4 (2672 -1024 128 ) (2672 -1024 1152 ) (2048 -1024 1152 ) (2048 -1024 128 ) 
4 4 119 (2048 -2048 128 ) (2048 -2048 1152 ) (2048 -1024 1152 ) (2048 -1024 128 ) 
4 5 119 (2048 -1024 128 ) (2048 -1024 1152 ) (1024 -1024 1152 ) (1024 -1024 128 ) 
4 5 77 (1024 -768 272 ) (1024 -656 272 ) (1024 -656 128 ) (1024 -768 128 ) 
4 5 79 (1024 -1024 128 ) (1024 -1024 272 ) (1024 -768 272 ) (1024 -768 128 ) 
4 5 72 (1024 -656 272 ) (1024 0 272 ) (1024 0 128 ) (1024 -656 128 ) 
4 5 41 (1024 -768 384 ) (1024 -656 384 ) (1024 -656 272 ) (1024 -768 272 ) 
4 5 43 (1024 -1024 272 ) (1024 -1024 384 ) (1024 -768 384 ) (1024 -768 272 ) 
4 5 35 (1024 -656 384 ) (1024 -400 384 ) (1024 -400 272 ) (1024 -656 272 ) 
4 5 34 (1024 -1024 384 ) (1024 -1024 400 ) (1024 -400 400 ) (1024 -400 384 ) 
4 5 32 (1024 -1024 400 ) (1024 -1024 416 ) (1024 -752 416 ) (1024 -752 400 ) 
4 5 30 (1024 -752 416 ) (1024 -400 416 ) (1024 -400 400 ) (1024 -752 400 ) 
4 5 25 (1024 -1024 416 ) (1024 -1024 560 ) (1024 -400 560 ) (1024 -400 416 ) 
4 5 20 (1024 -384 336 ) (1024 -384 272 ) (1024 -400 272 ) (1024 -400 336 ) 
4 5 19 (1024 -384 384 ) (1024 -384 336 ) (1024 -400 336 ) (1024 -400 384 ) 
4 5 18 (1024 -400 560 ) (1024 -384 560 ) (1024 -384 384 ) (1024 -400 384 ) 
4 5 17 (1024 -384 560 ) (1024 0 560 ) (1024 0 272 ) (1024 -384 272 ) 
4 5 12 (1024 -512 688 ) (1024 -384 688 ) (1024 -384 560 ) (1024 -512 560 ) 
4 5 15 (1024 -1024 560 ) (1024 -1024 688 ) (1024 -512 688 ) (1024 -512 560 ) 
4 5 11 (1024 -384 688 ) (1024 0 688 ) (1024 0 560 ) (1024 -384 560 ) 
4 5 7 (1024 -520 692 ) (1024 0 692 ) (1024 0 688 ) (1024 -520 688 ) 
4 5 9 (1024 -1024 688 ) (1024 -1024 692 ) (1024 -520 692 ) (1024 -520 688 ) 
4 5 6 (1024 -1024 692 ) (1024 -1024 1152 ) (1024 0 1152 ) (1024 0 692 ) 
4 6 124 (0 -1024 692 ) (0 -1024 1152 ) (0 0 1152 ) (0 0 692 ) 
4 6 120 (0 -1024 1152 ) (0 -1024 692 ) (1024 -1024 692 ) (1024 -1024 1152 ) 
4 6 8 (232 -376 692 ) (232 0 692 ) (376 0 692 ) (376 -376 692 ) 
4 6 7 (376 0 692 ) (1024 0 692 ) (1024 -520 692 ) (376 -520 692 ) 
4 6 9 (1024 -1024 692 ) (232 -1024 692 ) (232 -520 692 ) (1024 -520 692 ) 
4 6 10 (232 -1024 692 ) (0 -1024 692 ) (0 0 692 ) (232 0 692 ) 
4 7 12 (1024 -384 688 ) (1024 -512 688 ) (376 -512 688 ) (376 -384 688 ) 
4 7 15 (1024 -512 688 ) (1024 -520 688 ) (376 -520 688 ) (376 -512 688 ) 
4 7 11 (376 0 688 ) (1024 0 688 ) (1024 -384 688 ) (376 -384 688 ) 
4 7 8 (376 0 688 ) (376 -376 688 ) (376 -376 692 ) (376 0 692 ) 
4 7 9 (376 -520 688 ) (1024 -520 688 ) (1024 -520 692 ) (376 -520 692 ) 
4 8 11 (240 0 688 ) (376 0 688 ) (376 -376 688 ) (240 -376 688 ) 
4 8 16 (232 0 688 ) (240 0 688 ) (240 -376 688 ) (232 -376 688 ) 
4 8 10 (232 0 688 ) (232 -376 688 ) (232 -376 692 ) (232 0 692 ) 
4 9 120 (232 -1024 688 ) (1024 -1024 688 ) (1024 -1024 692 ) (232 -1024 692 ) 
4 9 15 (1024 -520 688 ) (1024 -1024 688 ) (240 -1024 688 ) (240 -520 688 ) 
4 9 16 (240 -1024 688 ) (232 -1024 688 ) (232 -520 688 ) (240 -520 688 ) 
4 9 10 (232 -520 688 ) (232 -1024 688 ) (232 -1024 692 ) (232 -520 692 ) 
4 10 124 (0 -1024 688 ) (0 -1024 692 ) (0 0 692 ) (0 0 688 ) 
4 10 120 (0 -1024 692 ) (0 -1024 688 ) (232 -1024 688 ) (232 -1024 692 ) 
4 10 16 (0 0 688 ) (232 0 688 ) (232 -1024 688 ) (0 -1024 688 ) 
4 11 17 (240 -384 560 ) (240 0 560 ) (1024 0 560 ) (1024 -384 560 ) 
4 11 12 (368 -384 560 ) (1024 -384 560 ) (1024 -384 688 ) (368 -384 688 ) 
4 11 16 (240 0 560 ) (240 -384 560 ) (240 -384 688 ) (240 0 688 ) 
4 12 25 (1024 -400 560 ) (1024 -512 560 ) (368 -512 560 ) (368 -400 560 ) 
4 12 18 (368 -384 560 ) (1024 -384 560 ) (1024 -400 560 ) (368 -400 560 ) 
4 12 15 (368 -512 560 ) (1024 -512 560 ) (1024 -512 688 ) (368 -512 688 ) 
4 13 27 (288 -464 560 ) (288 -400 560 ) (352 -400 560 ) (352 -464 560 ) 
4 13 14 (256 -420 560 ) (256 -476 560 ) (256 -476 672 ) (256 -420 672 ) 
4 14 16 (240 -420 560 ) (240 -476 560 ) (240 -476 672 ) (240 -420 672 ) 
4 15 120 (240 -1024 560 ) (1024 -1024 560 ) (1024 -1024 688 ) (240 -1024 688 ) 
4 15 29 (352 -1024 560 ) (240 -1024 560 ) (240 -768 560 ) (352 -768 560 ) 
4 15 26 (368 -1024 560 ) (352 -1024 560 ) (352 -768 560 ) (368 -768 560 ) 
4 15 25 (1024 -1024 560 ) (368 -1024 560 ) (368 -512 560 ) (1024 -512 560 ) 
4 15 16 (240 -512 560 ) (240 -1024 560 ) (240 -1024 688 ) (240 -512 688 ) 
4 16 124 (0 -1024 560 ) (0 -1024 688 ) (0 0 688 ) (0 0 560 ) 
4 16 120 (0 -1024 688 ) (0 -1024 560 ) (240 -1024 560 ) (240 -1024 688 ) 
4 16 29 (240 -1024 560 ) (0 -1024 560 ) (0 -768 560 ) (240 -768 560 ) 
4 16 17 (0 -384 560 ) (0 0 560 ) (240 0 560 ) (240 -384 560 ) 
4 17 128 (0 0 416 ) (0 0 272 ) (0 -384 272 ) (0 -384 416 ) 
4 17 125 (0 -384 560 ) (0 0 560 ) (0 0 416 ) (0 -384 416 ) 
4 17 95 (0 0 272 ) (208 0 272 ) (208 -384 272 ) (0 -384 272 ) 
4 17 94 (208 0 272 ) (224 0 272 ) (224 -384 272 ) (208 -384 272 ) 
4 17 80 (224 0 272 ) (368 0 272 ) (368 -384 272 ) (224 -384 272 ) 
4 17 73 (368 0 272 ) (1008 0 272 ) (1008 -384 272 ) (368 -384 272 ) 
4 17 72 (1008 0 272 ) (1024 0 272 ) (1024 -384 272 ) (1008 -384 272 ) 
4 17 24 (368 -384 384 ) (368 -384 416 ) (208 -384 416 ) (208 -384 384 ) 
4 17 22 (608 -384 272 ) (768 -384 272 ) (768 -384 336 ) (608 -384 336 ) 
4 17 23 (416 -384 272 ) (576 -384 272 ) (576 -384 336 ) (416 -384 336 ) 
4 17 21 (800 -384 272 ) (960 -384 272 ) (960 -384 336 ) (800 -384 336 ) 
4 17 20 (1008 -384 272 ) (1024 -384 272 ) (1024 -384 336 ) (1008 -384 336 ) 
4 17 19 (1024 -384 336 ) (1024 -384 384 ) (1008 -384 384 ) (1008 -384 336 ) 
4 17 18 (1024 -384 384 ) (1024 -384 560 ) (368 -384 560 ) (368 -384 384 ) 
4 18 34 (1024 -400 384 ) (1024 -400 400 ) (368 -400 400 ) (368 -400 384 ) 
4 18 30 (1024 -400 400 ) (1024 -400 416 ) (368 -400 416 ) (368 -400 400 ) 
4 18 25 (1024 -400 416 ) (1024 -400 560 ) (368 -400 560 ) (368 -400 416 ) 
4 18 24 (368 -384 416 ) (368 -384 384 ) (368 -400 384 ) (368 -400 416 ) 
4 18 19 (1024 -400 384 ) (1008 -400 384 ) (1008 -384 384 ) (1024 -384 384 ) 
4 19 35 (1024 -400 336 ) (1024 -400 384 ) (1008 -400 384 ) (1008 -400 336 ) 
4 19 20 (1024 -400 336 ) (1008 -400 336 ) (1008 -384 336 ) (1024 -384 336 ) 
4 20 72 (1024 -384 272 ) (1024 -400 272 ) (1008 -400 272 ) (1008 -384 272 ) 
4 20 35 (1008 -400 272 ) (1024 -400 272 ) (1024 -400 336 ) (1008 -400 336 ) 
4 21 37 (800 -400 272 ) (960 -400 272 ) (960 -400 336 ) (800 -400 336 ) 
4 22 37 (608 -400 272 ) (768 -400 272 ) (768 -400 336 ) (608 -400 336 ) 
4 23 37 (416 -400 272 ) (576 -400 272 ) (576 -400 336 ) (416 -400 336 ) 
4 24 46 (216 -400 400 ) (208 -400 400 ) (208 -400 384 ) (216 -400 384 ) 
4 24 44 (352 -400 400 ) (216 -400 400 ) (216 -400 384 ) (352 -400 384 ) 
4 24 31 (352 -400 416 ) (288 -400 416 ) (288 -400 400 ) (352 -400 400 ) 
4 25 120 (368 -1024 416 ) (1024 -1024 416 ) (1024 -1024 560 ) (368 -1024 560 ) 
4 25 32 (1024 -752 416 ) (1024 -1024 416 ) (368 -1024 416 ) (368 -752 416 ) 
4 25 30 (368 -400 416 ) (1024 -400 416 ) (1024 -752 416 ) (368 -752 416 ) 
4 25 26 (368 -768 416 ) (368 -1024 416 ) (368 -1024 560 ) (368 -768 560 ) 
4 26 120 (352 -1024 416 ) (368 -1024 416 ) (368 -1024 560 ) (352 -1024 560 ) 
4 26 33 (368 -768 416 ) (368 -1024 416 ) (352 -1024 416 ) (352 -768 416 ) 
4 26 29 (352 -768 416 ) (352 -1024 416 ) (352 -1024 560 ) (352 -768 560 ) 
4 27 28 (288 -464 544 ) (288 -400 544 ) (352 -400 544 ) (352 -464 544 ) 
4 28 31 (288 -400 416 ) (352 -400 416 ) (352 -464 416 ) (288 -464 416 ) 
4 29 127 (0 -1024 416 ) (0 -1024 560 ) (0 -768 560 ) (0 -768 416 ) 
4 29 120 (0 -1024 560 ) (0 -1024 416 ) (352 -1024 416 ) (352 -1024 560 ) 
4 29 33 (352 -768 416 ) (352 -1024 416 ) (0 -1024 416 ) (0 -768 416 ) 
4 30 34 (368 -400 400 ) (1024 -400 400 ) (1024 -752 400 ) (368 -752 400 ) 
4 30 32 (368 -752 400 ) (1024 -752 400 ) (1024 -752 416 ) (368 -752 416 ) 
4 31 45 (352 -400 400 ) (352 -464 400 ) (288 -464 400 ) (288 -436.571472 400 ) 
3 31 44 (288 -400 400 ) (352 -400 400 ) (288 -436.571472 400 ) 
4 32 120 (368 -1024 400 ) (1024 -1024 400 ) (1024 -1024 416 ) (368 -1024 416 ) 
4 32 34 (1024 -1024 400 ) (368 -1024 400 ) (368 -752 400 ) (1024 -752 400 ) 
4 32 33 (368 -768 400 ) (368 -1024 400 ) (368 -1024 416 ) (368 -768 416 ) 
4 33 132 (0 -1024 400 ) (0 -1024 416 ) (0 -768 416 ) (0 -768 400 ) 
4 33 120 (0 -1024 416 ) (0 -1024 400 ) (368 -1024 400 ) (368 -1024 416 ) 
4 33 71 (368 -1024 400 ) (0 -1024 400 ) (0 -768 400 ) (368 -768 400 ) 
4 34 120 (1024 -1024 384 ) (1024 -1024 400 ) (368 -1024 400 ) (368 -1024 384 ) 
4 34 71 (368 -1024 400 ) (368 -768 400 ) (368 -768 384 ) (368 -1024 384 ) 
4 34 42 (368 -752 384 ) (368 -656 384 ) (992 -656 384 ) (992 -752 384 ) 
4 34 41 (1008 -656 384 ) (1024 -656 384 ) (1024 -768 384 ) (1008 -768 384 ) 
4 34 43 (1024 -1024 384 ) (368 -1024 384 ) (368 -768 384 ) (1024 -768 384 ) 
3 34 40 (368 -616 384 ) (368 -512 384 ) (668.444458 -512 384 ) 
5 34 39 (368 -656 384 ) (368 -616 384 ) (668.444458 -512 384 ) (992 -512 384 ) (992 -656 384 ) 
3 34 36 (992 -400 384 ) (992 -512 384 ) (668.444458 -512 384 ) 
4 34 37 (368 -512 384 ) (368 -400 384 ) (992 -400 384 ) (668.444458 -512 384 ) 
4 34 35 (1008 -400 384 ) (1024 -400 384 ) (1024 -656 384 ) (1008 -656 384 ) 
4 35 72 (1024 -400 272 ) (1024 -656 272 ) (1008 -656 272 ) (1008 -400 272 ) 
4 35 41 (1024 -656 384 ) (1008 -656 384 ) (1008 -656 272 ) (1024 -656 272 ) 
4 35 38 (1008 -656 272 ) (1008 -656 288 ) (1008 -512 288 ) (1008 -512 272 ) 
3 36 75 (992 -400 272 ) (992 -512 272 ) (668.444458 -512 272 ) 
4 36 39 (992 -512 384 ) (668.444458 -512 384 ) (668.444458 -512 272 ) (992 -512 272 ) 
4 36 37 (668.447266 -512 272 ) (668.447266 -512 384 ) (992.002441 -400 384 ) (992.002441 -400 272 ) 
4 37 76 (368 -512 272 ) (368 -400 272 ) (992 -400 272 ) (668.444458 -512 272 ) 
4 37 40 (668.444458 -512 384 ) (368 -512 384 ) (368 -512 272 ) (668.444458 -512 272 ) 
4 38 74 (1008 -656 272 ) (992 -656 272 ) (992 -512 272 ) (1008 -512 272 ) 
4 38 39 (992 -512 288 ) (992 -512 272 ) (992 -656 272 ) (992 -656 288 ) 
5 39 75 (992 -656 272 ) (368 -656 272 ) (368 -616 272 ) (668.444458 -512 272 ) (992 -512 272 ) 
4 39 42 (992 -656 384 ) (368 -656 384 ) (368 -656 272 ) (992 -656 272 ) 
4 39 40 (668.446838 -512 384 ) (668.446838 -512 272 ) (368 -616 272 ) (368 -616 384 ) 
3 40 76 (368 -616 272 ) (368 -512 272 ) (668.444458 -512 272 ) 
4 41 77 (1024 -656 272 ) (1024 -768 272 ) (1008 -768 272 ) (1008 -656 272 ) 
4 41 43 (1024 -768 384 ) (1008 -768 384 ) (1008 -768 272 ) (1024 -768 272 ) 
4 42 78 (368 -752 272 ) (368 -656 272 ) (992 -656 272 ) (992 -752 272 ) 
4 43 120 (368 -1024 272 ) (1024 -1024 272 ) (1024 -1024 384 ) (368 -1024 384 ) 
4 43 79 (1024 -768 272 ) (1024 -1024 272 ) (368 -1024 272 ) (368 -768 272 ) 
4 43 71 (368 -768 272 ) (368 -1024 272 ) (368 -1024 384 ) (368 -768 384 ) 
3 44 81 (288 -400 272 ) (352 -400 272 ) (288 -436.571472 272 ) 
4 44 50 (216 -400 384 ) (216 -400 272 ) (216 -477.714355 272 ) (216 -477.714355 384 ) 
4 44 46 (216 -477.714355 400 ) (216 -400 400 ) (216 -400 384 ) (216 -477.714355 384 ) 
4 44 45 (216 -477.714569 400 ) (216 -477.714569 272 ) (352 -400 272 ) (352 -400 400 ) 
4 45 81 (352 -400 272 ) (352 -464 272 ) (288 -464 272 ) (288 -436.571472 272 ) 
4 45 51 (216 -477.714355 384 ) (216 -477.714355 272 ) (216 -480 272 ) (216 -480 384 ) 
4 45 47 (216 -480 400 ) (216 -477.714355 400 ) (216 -477.714355 384 ) (216 -480 384 ) 
5 46 50 (200 -400 384 ) (216 -400 384 ) (216 -477.714355 384 ) (212 -480 384 ) (200 -480 384 ) 
4 46 48 (200 -400 384 ) (200 -480 384 ) (200 -480 392 ) (200 -400 392 ) 
4 46 47 (212 -480 400 ) (212 -480 384 ) (216 -477.714294 384 ) (216 -477.714294 400 ) 
3 47 51 (216 -477.714355 384 ) (216 -480 384 ) (212 -480 384 ) 
4 48 50 (168 -400 384 ) (200 -400 384 ) (200 -480 384 ) (168 -480 384 ) 
4 48 49 (168 -400 384 ) (168 -480 384 ) (168 -480 392 ) (168 -400 392 ) 
4 49 52 (156 -480 400 ) (156 -400 400 ) (156 -400 384 ) (156 -480 384 ) 
4 49 50 (156 -480 384 ) (156 -400 384 ) (168 -400 384 ) (168 -480 384 ) 
4 50 61 (156 -496 272 ) (168 -496 272 ) (168 -496 384 ) (156 -496 384 ) 
4 50 58 (168 -496 272 ) (184 -496 272 ) (184 -496 384 ) (168 -496 384 ) 
4 50 52 (156 -480 384 ) (156 -400 384 ) (156 -400 272 ) (156 -480 272 ) 
4 50 51 (216 -477.712891 272 ) (216 -477.712891 384 ) (183.997559 -496 384 ) (183.997559 -496 272 ) 
4 51 58 (184 -496 272 ) (200 -496 272 ) (200 -496 384 ) (184 -496 384 ) 
4 51 57 (212 -496 272 ) (216 -496 272 ) (216 -496 384 ) (212 -496 384 ) 
4 51 56 (200 -496 272 ) (212 -496 272 ) (212 -496 384 ) (200 -496 384 ) 
4 52 53 (144 -412 384 ) (144 -412 272 ) (144 -464 272 ) (144 -464 384 ) 
4 53 55 (128 -412 384 ) (128 -412 272 ) (128 -464 272 ) (128 -464 384 ) 
4 54 64 (0 -496 272 ) (34.388062 -496 272 ) (34.388062 -496 400 ) (0 -496 400 ) 
4 54 55 (34.390278 -496 400 ) (34.390278 -496 272 ) (0.001953 -400 272 ) (0.001953 -400 400 ) 
4 55 65 (34.388062 -496 272 ) (96 -496 272 ) (96 -496 400 ) (34.388062 -496 400 ) 
4 55 63 (96 -496 272 ) (112 -496 272 ) (112 -496 400 ) (96 -496 400 ) 
4 55 60 (112 -496 272 ) (128 -496 272 ) (128 -496 400 ) (112 -496 400 ) 
4 56 58 (200 -496 392 ) (200 -496 272 ) (200 -608 272 ) (200 -608 392 ) 
4 56 59 (200 -608 272 ) (200 -752 272 ) (200 -752 400 ) (200 -608 400 ) 
4 56 57 (352 -751.996826 400 ) (352 -751.996826 272 ) (212.002365 -496 272 ) (212.002365 -496 400 ) 
4 58 61 (168 -496 392 ) (168 -496 272 ) (168 -608 272 ) (168 -608 392 ) 
4 58 59 (168 -608 392 ) (168 -608 272 ) (200 -608 272 ) (200 -608 392 ) 
4 59 61 (168 -608 272 ) (168 -752 272 ) (168 -752 400 ) (168 -608 400 ) 
4 60 63 (112 -496 400 ) (112 -496 272 ) (112 -560 272 ) (112 -560 400 ) 
4 61 68 (112 -668 272 ) (112 -712.666748 272 ) (112 -712.666748 384 ) (112 -668 384 ) 
4 61 66 (112 -712.666748 272 ) (112 -725 272 ) (112 -725 384 ) (112 -712.666748 384 ) 
4 61 62 (156 -496 400 ) (156 -496 272 ) (112 -668.001221 272 ) (112 -668.001221 400 ) 
4 62 68 (112 -665 272 ) (112 -668 272 ) (112 -668 384 ) (112 -665 384 ) 
4 63 65 (96 -496 400 ) (96 -496 272 ) (96 -624 272 ) (96 -624 400 ) 
4 64 130 (0 -656 384 ) (0 -656 304 ) (0 -665 304 ) (0 -665 384 ) 
4 64 67 (0 -665 272 ) (94.925369 -665 272 ) (94.925362 -665 400 ) (0 -665 400 ) 
4 64 65 (94.926277 -665 400 ) (94.926277 -665 272 ) (34.389061 -496 272 ) (34.389061 -496 400 ) 
4 65 69 (94.925369 -665 272 ) (96 -665 272 ) (96 -665 400 ) (94.925362 -665 400 ) 
4 66 68 (112 -712.665894 384 ) (112 -712.665894 272 ) (96 -667.998901 272 ) (96 -667.998901 384 ) 
4 66 67 (96 -668 384 ) (96 -668 272 ) (96 -725 272 ) (96 -725 384 ) 
4 67 130 (0 -665 384 ) (0 -665 304 ) (0 -720 304 ) (0 -720 384 ) 
4 67 70 (0 -725 272 ) (96 -725 272 ) (96 -725 400 ) (0 -725 400 ) 
4 67 69 (96 -667.998901 272 ) (94.925781 -665 272 ) (94.925781 -665 400 ) (96 -667.998901 400 ) 
4 68 69 (96 -665 384 ) (96 -665 272 ) (96 -668 272 ) (96 -668 384 ) 
4 71 132 (0 -1024 272 ) (0 -1024 400 ) (0 -768 400 ) (0 -768 272 ) 
4 71 120 (0 -1024 400 ) (0 -1024 272 ) (368 -1024 272 ) (368 -1024 400 ) 
4 71 96 (224 -1024 272 ) (0 -1024 272 ) (0 -768 272 ) (224 -768 272 ) 
4 71 88 (352 -1024 272 ) (224 -1024 272 ) (224 -768 272 ) (352 -768 272 ) 
4 71 87 (368 -1024 272 ) (352 -1024 272 ) (352 -768 272 ) (368 -768 272 ) 
4 72 77 (1008 -656 128 ) (1024 -656 128 ) (1024 -656 272 ) (1008 -656 272 ) 
4 72 74 (1008 -512 128 ) (1008 -656 128 ) (1008 -656 272 ) (1008 -512 272 ) 
4 72 73 (1008 0 128 ) (1008 -384 128 ) (1008 -384 272 ) (1008 0 272 ) 
4 73 80 (368 0 128 ) (368 -384 128 ) (368 -384 272 ) (368 0 272 ) 
4 74 75 (992 -512 128 ) (992 -656 128 ) (992 -656 272 ) (992 -512 272 ) 
4 75 86 (368 -616 128 ) (368 -656 128 ) (368 -656 240 ) (368 -616 240 ) 
4 75 78 (368 -656 272 ) (368 -656 128 ) (992 -656 128 ) (992 -656 272 ) 
4 75 76 (992.001953 -400 272 ) (992.001953 -400 128 ) (368 -616 128 ) (368 -616 272 ) 
4 77 79 (1008 -768 128 ) (1024 -768 128 ) (1024 -768 272 ) (1008 -768 272 ) 
4 78 86 (368 -656 128 ) (368 -672 128 ) (368 -672 240 ) (368 -656 240 ) 
4 79 120 (368 -1024 128 ) (1024 -1024 128 ) (1024 -1024 272 ) (368 -1024 272 ) 
4 79 87 (368 -768 128 ) (368 -1024 128 ) (368 -1024 272 ) (368 -768 272 ) 
4 80 97 (224 0 128 ) (224 -384 128 ) (224 -384 256 ) (224 0 256 ) 
4 80 94 (224 -384 256 ) (224 -384 272 ) (224 0 272 ) (224 0 256 ) 
4 81 82 (288 -464 256 ) (288 -400 256 ) (352 -400 256 ) (352 -464 256 ) 
4 82 83 (256 -460 240 ) (256 -416 240 ) (256 -416 128 ) (256 -460 128 ) 
4 83 84 (240 -460 240 ) (240 -416 240 ) (240 -416 128 ) (240 -460 128 ) 
4 84 100 (224 -400 128 ) (224 -461.904785 128 ) (224 -461.904755 256 ) (224 -400 256 ) 
4 84 85 (240 -460 128 ) (240 -460 256 ) (224 -461.904999 256 ) (224 -461.904999 128 ) 
4 85 101 (224 -461.904785 128 ) (224 -480 128 ) (224 -480 256 ) (224 -461.904755 256 ) 
4 86 89 (352 -616 128 ) (352 -672 128 ) (352 -672 240 ) (352 -616 240 ) 
4 87 120 (352 -1024 128 ) (368 -1024 128 ) (368 -1024 272 ) (352 -1024 272 ) 
4 87 91 (352 -768 128 ) (352 -1024 128 ) (352 -1024 256 ) (352 -768 256 ) 
4 87 88 (352 -1024 256 ) (352 -1024 272 ) (352 -768 272 ) (352 -768 256 ) 
4 88 120 (352 -1024 256 ) (352 -1024 272 ) (224 -1024 272 ) (224 -1024 256 ) 
4 88 96 (224 -1024 256 ) (224 -1024 272 ) (224 -768 272 ) (224 -768 256 ) 
4 88 93 (224 -1024 256 ) (224 -768 256 ) (240 -768 256 ) (240 -1024 256 ) 
4 88 91 (240 -768 256 ) (352 -768 256 ) (352 -1024 256 ) (240 -1024 256 ) 
4 89 92 (240 -528 128 ) (240 -632 128 ) (240 -632 240 ) (240 -528 240 ) 
4 89 90 (240 -632 256 ) (240 -632 128 ) (352 -672 128 ) (352 -672 256 ) 
4 91 120 (240 -1024 128 ) (352 -1024 128 ) (352 -1024 256 ) (240 -1024 256 ) 
4 91 93 (240 -1024 256 ) (240 -768 256 ) (240 -768 128 ) (240 -1024 128 ) 
4 92 107 (224 -528 128 ) (224 -632 128 ) (224 -632 240 ) (224 -528 240 ) 
4 93 120 (224 -1024 128 ) (240 -1024 128 ) (240 -1024 256 ) (224 -1024 256 ) 
4 93 118 (224 -768 128 ) (224 -1024 128 ) (224 -1024 256 ) (224 -768 256 ) 
4 94 97 (208 0 256 ) (224 0 256 ) (224 -384 256 ) (208 -384 256 ) 
4 94 95 (208 0 256 ) (208 -384 256 ) (208 -384 272 ) (208 0 272 ) 
4 95 133 (0 -384 272 ) (0 0 272 ) (0 0 256 ) (0 -384 256 ) 
4 95 99 (0 -384 256 ) (0 0 256 ) (208 0 256 ) (208 -384 256 ) 
4 96 137 (0 -1024 256 ) (0 -1024 272 ) (0 -768 272 ) (0 -768 256 ) 
4 96 120 (0 -1024 272 ) (0 -1024 256 ) (224 -1024 256 ) (224 -1024 272 ) 
4 96 118 (0 -1024 256 ) (0 -768 256 ) (224 -768 256 ) (224 -1024 256 ) 
4 97 99 (208 0 128 ) (208 -384 128 ) (208 -384 256 ) (208 0 256 ) 
4 97 98 (208 -384 256 ) (208 -384 240 ) (224 -384 240 ) (224 -384 256 ) 
4 98 100 (224 -400 240 ) (224 -400 256 ) (208 -400 256 ) (208 -400 240 ) 
4 99 133 (0 -384 256 ) (0 0 256 ) (0 0 128 ) (0 -384 128 ) 
4 100 104 (16 -480 128 ) (72 -480 128 ) (72 -480 240 ) (16 -480 240 ) 
4 100 101 (72 -480 256 ) (72 -480 128 ) (224 -461.904755 128 ) (224 -461.904755 256 ) 
4 101 103 (164 -480 164 ) (164 -480 238 ) (100 -480 238 ) (100 -480 164 ) 
4 101 102 (224 -480 176 ) (224 -480 224 ) (164 -480 224 ) (164 -480 176 ) 
4 102 110 (224 -496 176 ) (224 -496 224 ) (164 -496 224 ) (164 -496 176 ) 
4 102 103 (164 -480 224 ) (164 -480 176 ) (164 -496 176 ) (164 -496 224 ) 
4 103 110 (164 -496 164 ) (164 -496 238 ) (100 -496 238 ) (100 -496 164 ) 
4 104 109 (16 -496 128 ) (72 -496 128 ) (72 -496 240 ) (16 -496 240 ) 
4 105 111 (0 -496 256 ) (0 -496 128 ) (137.957794 -641.218750 128 ) (137.957794 -641.218750 256 ) 
4 105 109 (-0.001957 -496 128 ) (-0.001961 -496 256 ) (83.305573 -507.900604 256 ) (83.305557 -507.900604 128 ) 
4 105 107 (203.306992 -634.217041 128 ) (83.310547 -507.904297 128 ) (83.310539 -507.904297 256 ) (203.306976 -634.217041 256 ) 
4 105 106 (137.957382 -641.218689 256 ) (137.957382 -641.218689 128 ) (203.304688 -634.217285 128 ) (203.304703 -634.217285 256 ) 
4 106 114 (152 -656 128 ) (208 -656 128 ) (208 -656 240 ) (152 -656 240 ) 
4 106 113 (224 -656 200 ) (224 -656 216 ) (208 -656 216 ) (208 -656 200 ) 
4 106 112 (137.957794 -641.218750 128 ) (152 -656 128 ) (152 -656 256 ) (137.957794 -641.218750 256 ) 
4 106 108 (224 -656 256 ) (224 -656 128 ) (203.306992 -634.217041 128 ) (203.306976 -634.217041 256 ) 
4 107 110 (83.305573 -507.900604 256 ) (224 -528 256 ) (224 -528 128 ) (83.305557 -507.900604 128 ) 
4 107 108 (203.304703 -634.217285 256 ) (203.304688 -634.217285 128 ) (224 -632 128 ) (224 -632 256 ) 
4 109 110 (83.310539 -507.904297 256 ) (83.310547 -507.904297 128 ) (72 -496 128 ) (72 -496 256 ) 
4 111 135 (0 -640 256 ) (0 -512 256 ) (0 -512 128 ) (0 -640 128 ) 
4 111 112 (0 -656 256 ) (0 -656 128 ) (137.953125 -641.219238 128 ) (137.953140 -641.219238 256 ) 
4 112 115 (152 -656 160 ) (152 -656 240 ) (0 -656 240 ) (0 -656 160 ) 
4 113 116 (224 -672 200 ) (224 -672 216 ) (208 -672 216 ) (208 -672 200 ) 
4 113 114 (208 -656 216 ) (208 -656 200 ) (208 -672 200 ) (208 -672 216 ) 
4 114 116 (152 -672 128 ) (208 -672 128 ) (208 -672 240 ) (152 -672 240 ) 
4 114 115 (152 -656 240 ) (152 -656 160 ) (152 -672 160 ) (152 -672 240 ) 
4 115 117 (152 -672 160 ) (152 -672 240 ) (0 -672 240 ) (0 -672 160 ) 
4 116 117 (151.998047 -672 256 ) (151.998047 -672 128 ) (-0.001949 -752 128 ) (-0.001945 -752 256 ) 
4 118 139 (0 -1024 128 ) (0 -1024 256 ) (0 -768 256 ) (0 -768 128 ) 
4 118 120 (0 -1024 256 ) (0 -1024 128 ) (224 -1024 128 ) (224 -1024 256 ) 
4 119 120 (1024 -1024 1152 ) (1024 -1024 128 ) (1024 -2048 128 ) (1024 -2048 1152 ) 
4 120 142 (0 -2048 128 ) (0 -2048 1152 ) (0 -1024 1152 ) (0 -1024 128 ) 
4 121 133 (0 0 128 ) (0 0 272 ) (-1024 0 272 ) (-1024 0 128 ) 
4 121 128 (0 0 272 ) (0 0 416 ) (-1024 0 416 ) (-1024 0 272 ) 
4 121 125 (0 0 416 ) (0 0 560 ) (-1024 0 560 ) (-1024 0 416 ) 
4 121 124 (0 0 560 ) (0 0 1152 ) (-1024 0 1152 ) (-1024 0 560 ) 
4 121 122 (-1024 0 128 ) (-1024 0 1152 ) (-1024 1024 1152 ) (-1024 1024 128 ) 
4 122 141 (-1024 0 128 ) (-1024 0 1152 ) (-2048 0 1152 ) (-2048 0 128 ) 
4 122 123 (-2048 0 128 ) (-2048 0 1152 ) (-2048 1024 1152 ) (-2048 1024 128 ) 
4 123 144 (-2048 0 128 ) (-2048 0 1152 ) (-2432 0 1152 ) (-2432 0 128 ) 
4 124 142 (0 -1024 560 ) (0 -1024 1152 ) (-1024 -1024 1152 ) (-1024 -1024 560 ) 
4 124 141 (-1024 -1024 560 ) (-1024 -1024 1152 ) (-1024 0 1152 ) (-1024 0 560 ) 
4 124 126 (-1024 -768 560 ) (-1024 -384 560 ) (-16 -384 560 ) (-16 -768 560 ) 
4 124 127 (0 -1024 560 ) (-1024 -1024 560 ) (-1024 -768 560 ) (0 -768 560 ) 
4 124 125 (-1024 -384 560 ) (-1024 0 560 ) (0 0 560 ) (0 -384 560 ) 
4 125 141 (-1024 -384 560 ) (-1024 0 560 ) (-1024 0 416 ) (-1024 -384 416 ) 
4 125 128 (-1024 -384 416 ) (-1024 0 416 ) (0 0 416 ) (0 -384 416 ) 
4 125 126 (-1024 -384 416 ) (-16 -384 416 ) (-16 -384 560 ) (-1024 -384 560 ) 
4 126 141 (-1024 -768 560 ) (-1024 -384 560 ) (-1024 -384 416 ) (-1024 -768 416 ) 
4 126 131 (-1024 -768 416 ) (-1024 -656 416 ) (-16 -656 416 ) (-16 -768 416 ) 
4 126 129 (-1024 -656 416 ) (-1024 -384 416 ) (-16 -384 416 ) (-16 -656 416 ) 
4 126 127 (-1024 -768 416 ) (-16 -768 416 ) (-16 -768 560 ) (-1024 -768 560 ) 
4 127 142 (0 -1024 416 ) (0 -1024 560 ) (-1024 -1024 560 ) (-1024 -1024 416 ) 
4 127 141 (-1024 -1024 416 ) (-1024 -1024 560 ) (-1024 -768 560 ) (-1024 -768 416 ) 
4 127 132 (-1024 -1024 416 ) (-1024 -768 416 ) (0 -768 416 ) (0 -1024 416 ) 
4 128 141 (-1024 -384 416 ) (-1024 0 416 ) (-1024 0 272 ) (-1024 -384 272 ) 
4 128 133 (-1024 -384 272 ) (-1024 0 272 ) (0 0 272 ) (0 -384 272 ) 
4 128 129 (-1024 -384 272 ) (-16 -384 272 ) (-16 -384 416 ) (-1024 -384 416 ) 
4 129 141 (-1024 -656 416 ) (-1024 -384 416 ) (-1024 -384 272 ) (-1024 -656 272 ) 
4 129 138 (-1024 -656 272 ) (-1024 -640 272 ) (-16 -640 272 ) (-16 -656 272 ) 
4 129 136 (-1024 -640 272 ) (-1024 -512 272 ) (-16 -512 272 ) (-16 -640 272 ) 
4 129 134 (-1024 -512 272 ) (-1024 -384 272 ) (-16 -384 272 ) (-16 -512 272 ) 
4 129 131 (-1024 -656 272 ) (-16 -656 272 ) (-16 -656 416 ) (-1024 -656 416 ) 
4 130 131 (-16 -656 384 ) (-16 -656 304 ) (-16 -720 304 ) (-16 -720 384 ) 
4 131 141 (-1024 -768 416 ) (-1024 -656 416 ) (-1024 -656 272 ) (-1024 -768 272 ) 
4 131 138 (-1024 -768 272 ) (-1024 -656 272 ) (-16 -656 272 ) (-16 -768 272 ) 
4 131 132 (-1024 -768 272 ) (-16 -768 272 ) (-16 -768 416 ) (-1024 -768 416 ) 
4 132 142 (0 -1024 272 ) (0 -1024 416 ) (-1024 -1024 416 ) (-1024 -1024 272 ) 
4 132 141 (-1024 -1024 272 ) (-1024 -1024 416 ) (-1024 -768 416 ) (-1024 -768 272 ) 
4 132 137 (0 -1024 272 ) (-8 -1024 272 ) (-8 -768 272 ) (0 -768 272 ) 
4 132 138 (-8 -1024 272 ) (-1024 -1024 272 ) (-1024 -768 272 ) (-8 -768 272 ) 
4 133 141 (-1024 -384 272 ) (-1024 0 272 ) (-1024 0 128 ) (-1024 -384 128 ) 
4 133 134 (-1024 -384 128 ) (-16 -384 128 ) (-16 -384 272 ) (-1024 -384 272 ) 
4 134 141 (-1024 -512 272 ) (-1024 -384 272 ) (-1024 -384 128 ) (-1024 -512 128 ) 
4 134 136 (-1024 -512 128 ) (-16 -512 128 ) (-16 -512 272 ) (-1024 -512 272 ) 
4 135 136 (-16 -512 256 ) (-16 -512 128 ) (-16 -640 128 ) (-16 -640 256 ) 
4 136 141 (-1024 -640 272 ) (-1024 -512 272 ) (-1024 -512 128 ) (-1024 -640 128 ) 
4 136 140 (-1024 -640 128 ) (-16 -640 128 ) (-16 -640 256 ) (-1024 -640 256 ) 
4 136 138 (-16 -640 256 ) (-16 -640 272 ) (-1024 -640 272 ) (-1024 -640 256 ) 
4 137 142 (0 -1024 256 ) (0 -1024 272 ) (-8 -1024 272 ) (-8 -1024 256 ) 
4 137 139 (0 -768 256 ) (0 -1024 256 ) (-8 -1024 256 ) (-8 -768 256 ) 
4 137 138 (-8 -752 256 ) (-8 -1024 256 ) (-8 -1024 272 ) (-8 -736 272 ) 
4 138 142 (-8 -1024 272 ) (-1024 -1024 272 ) (-1024 -1024 256 ) (-8 -1024 256 ) 
4 138 141 (-1024 -1024 256 ) (-1024 -1024 272 ) (-1024 -640 272 ) (-1024 -640 256 ) 
4 138 139 (-8 -768 256 ) (-8 -1024 256 ) (-16 -1024 256 ) (-16 -768 256 ) 
4 138 140 (-1024 -1024 256 ) (-1024 -640 256 ) (-16 -640 256 ) (-16 -1024 256 ) 
4 139 142 (0 -1024 128 ) (0 -1024 256 ) (-16 -1024 256 ) (-16 -1024 128 ) 
4 139 140 (-16 -1024 256 ) (-16 -768 256 ) (-16 -768 128 ) (-16 -1024 128 ) 
4 140 142 (-16 -1024 256 ) (-1024 -1024 256 ) (-1024 -1024 128 ) (-16 -1024 128 ) 
4 140 141 (-1024 -1024 128 ) (-1024 -1024 256 ) (-1024 -640 256 ) (-1024 -640 128 ) 
4 141 144 (-2048 -1024 128 ) (-2048 -1024 1152 ) (-2048 0 1152 ) (-2048 0 128 ) 
4 141 143 (-1024 -1024 128 ) (-1024 -1024 1152 ) (-2048 -1024 1152 ) (-2048 -1024 128 ) 
4 142 143 (-1024 -1024 1152 ) (-1024 -1024 128 ) (-1024 -2048 128 ) (-1024 -2048 1152 ) 
4 143 145 (-2048 -2048 128 ) (-2048 -2048 1152 ) (-2048 -1024 1152 ) (-2048 -1024 128 ) 
4 144 145 (-2048 -1024 128 ) (-2048 -1024 1152 ) (-2432 -1024 1152 ) (-2432 -1024 128 ) 
